#
# A fatal error has been detected by the Java Runtime Environment:
#
#  SIGSEGV (0xb) at pc=0x000000011a696cdd, pid=55165, tid=0x000000000000ee07
#
# JRE version: Java(TM) SE Runtime Environment (8.0_111-b14) (build 1.8.0_111-b14)
# Java VM: Java HotSpot(TM) 64-Bit Server VM (25.111-b14 mixed mode bsd-amd64 compressed oops)
# Problematic frame:
# C  [libawt_lwawt.dylib+0x1acdd]  OGLSD_SetScratchSurface+0x49
#
# Failed to write core dump. Core dumps have been disabled. To enable core dumping, try "ulimit -c unlimited" before starting Java again
#
# If you would like to submit a bug report, please visit:
#   http://bugreport.java.com/bugreport/crash.jsp
# The crash happened outside the Java Virtual Machine in native code.
# See problematic frame for where to report the bug.
#

---------------  T H R E A D  ---------------

Current thread (0x00007fe9e01cb800):  JavaThread "Java2D Queue Flusher" daemon [_thread_in_native, id=60935, stack(0x000070000d3bc000,0x000070000d4bc000)]

siginfo: si_signo: 11 (SIGSEGV), si_code: 1 (SEGV_MAPERR), si_addr: 0x0000000000000002

Registers:
RAX=0x00000000ffffffff, RBX=0x0000000000000002, RCX=0x0000000000000047, RDX=0x000000011a6b7844
RSP=0x000070000d4bb6c0, RBP=0x000070000d4bb6e0, RSI=0x00007fe9e46831d0, RDI=0x00007fe9e01cb9f8
R8 =0x00007fe9dfd88540, R9 =0x000000000041eb81, R10=0x0000000108eeaff8, R11=0x0000000000000020
R12=0x0000000000000000, R13=0x00000001090a1090, R14=0x00007fe9e01cb9f8, R15=0x00007fe9e01cb800
RIP=0x000000011a696cdd, EFLAGS=0x0000000000010202, ERR=0x0000000000000004
  TRAPNO=0x000000000000000e

Top of Stack: (sp=0x000070000d4bb6c0)
0x000070000d4bb6c0:   00007fe9e46831d0 0000000000000000
0x000070000d4bb6d0:   00007fe9e01ec210 00007fe9e01cb800
0x000070000d4bb6e0:   000070000d4bb760 000000011a6b7322
0x000070000d4bb6f0:   00007fe9e0a2cfb8 00000001090a1090
0x000070000d4bb700:   00007fe9e01cb800 00007fe9dfd87b68
0x000070000d4bb710:   000070000d4bb740 0000000102736c74
0x000070000d4bb720:   0000000000000064 00007fe9e01ec220
0x000070000d4bb730:   0000000000000064 00007fe9e01cb9f8
0x000070000d4bb740:   0000000740130ff0 0000000000000000
0x000070000d4bb750:   000070000d4bb960 00007fe9e01cb800
0x000070000d4bb760:   000070000d4bb7b0 0000000108eeb06a
0x000070000d4bb770:   0000000740130ff0 00007fe9e01cb800
0x000070000d4bb780:   00007fe9e01cb800 0000000000000118
0x000070000d4bb790:   000070000d4bb960 00007fe9e01cb800
0x000070000d4bb7a0:   000070000d4bb7f0 0000000108e21968
0x000070000d4bb7b0:   0000000000000020 0000000108d0ca80
0x000070000d4bb7c0:   0000000740130ff0 0000000100000020
0x000070000d4bb7d0:   0000000000000020 0000000108e93118
0x000070000d4bb7e0:   00000007400e5ac0 0000000000000206
0x000070000d4bb7f0:   000070000d4bb9d0 00000001090a1e64
0x000070000d4bb800:   0000000000000041 0000000117ef4eb0
0x000070000d4bb810:   000070000d4bb858 0000000000000030
0x000070000d4bb820:   0000000000000000 00000001090a1090
0x000070000d4bb830:   0000000000000004 000070000d4bb858
0x000070000d4bb840:   000070000d4bb8d0 00000001026e3c57
0x000070000d4bb850:   000000000d4bb890 000070000d4bb8e8
0x000070000d4bb860:   000000010887e985 00000001088585d0
0x000070000d4bb870:   0000000100000000 000070000d4bb938
0x000070000d4bb880:   000070000d4bb8e8 0000000000000000
0x000070000d4bb890:   0000000000000000 0000000000000000
0x000070000d4bb8a0:   0000000100000001 0000000740131348
0x000070000d4bb8b0:   0000000740131078 0000000740130ff0 

Instructions: (pc=0x000000011a696cdd)
0x000000011a696cbd:   c0 e9 82 00 00 00 48 8b 5e 10 48 85 db 75 0e bf
0x000000011a696ccd:   01 00 00 00 48 8d 15 ef 76 03 00 eb d6 49 89 fe
0x000000011a696cdd:   4c 8b 3b 30 c0 e8 83 a3 02 00 49 8b 3f 49 89 c4
0x000000011a696ced:   48 8b 35 34 f9 05 00 30 c0 e8 cb a4 02 00 48 85 

Register to memory mapping:

RAX=0x00000000ffffffff is an unknown value
RBX=0x0000000000000002 is an unknown value
RCX=0x0000000000000047 is an unknown value
RDX=0x000000011a6b7844: Java_sun_java2d_opengl_OGLRenderQueue_flushBuffer+0xb5c in /private/var/folders/yn/nbtf0r_17tv4k68d7zh13g_w0000gn/T/AppTranslocation/4A48D223-7FD0-4D19-BFD2-8D3F6975207A/d/Greenfoot.app/Contents/JDK/Home/jre/lib/libawt_lwawt.dylib at 0x000000011a67c000
RSP=0x000070000d4bb6c0 is pointing into the stack for thread: 0x00007fe9e01cb800
RBP=0x000070000d4bb6e0 is pointing into the stack for thread: 0x00007fe9e01cb800
RSI=0x00007fe9e46831d0 is an unknown value
RDI=0x00007fe9e01cb9f8 is an unknown value
R8 =0x00007fe9dfd88540 is an unknown value
R9 =0x000000000041eb81 is an unknown value
R10=0x0000000108eeaff8 is at entry_point+56 in (nmethod*)0x0000000108eeae50
R11=0x0000000000000020 is an unknown value
R12=0x0000000000000000 is an unknown value
R13=0x00000001090a1090 is at entry_point+-976 in (nmethod*)0x00000001090a1090
R14=0x00007fe9e01cb9f8 is an unknown value
R15=0x00007fe9e01cb800 is a thread


Stack: [0x000070000d3bc000,0x000070000d4bc000],  sp=0x000070000d4bb6c0,  free space=1021k
Native frames: (J=compiled Java code, j=interpreted, Vv=VM code, C=native code)
C  [libawt_lwawt.dylib+0x1acdd]  OGLSD_SetScratchSurface+0x49
C  [libawt_lwawt.dylib+0x3b322]  Java_sun_java2d_opengl_OGLRenderQueue_flushBuffer+0x63a
J 2073  sun.java2d.opengl.OGLRenderQueue.flushBuffer(JI)V (0 bytes) @ 0x0000000108eeb06a [0x0000000108eeafc0+0xaa]
J 4813 C2 sun.java2d.opengl.OGLRenderQueue.flushBuffer()V (41 bytes) @ 0x0000000108d0ca80 [0x0000000108d0ca20+0x60]
J 10058% C1 sun.java2d.opengl.OGLRenderQueue$QueueFlusher.run()V (234 bytes) @ 0x00000001090a1e64 [0x00000001090a1460+0xa04]
v  ~StubRoutines::call_stub
V  [libjvm.dylib+0x2ecf8a]  JavaCalls::call_helper(JavaValue*, methodHandle*, JavaCallArguments*, Thread*)+0x6ae
V  [libjvm.dylib+0x2ed718]  JavaCalls::call_virtual(JavaValue*, KlassHandle, Symbol*, Symbol*, JavaCallArguments*, Thread*)+0x164
V  [libjvm.dylib+0x2ed8c4]  JavaCalls::call_virtual(JavaValue*, Handle, KlassHandle, Symbol*, Symbol*, Thread*)+0x4a
V  [libjvm.dylib+0x348039]  thread_entry(JavaThread*, Thread*)+0x7c
V  [libjvm.dylib+0x56a27b]  JavaThread::thread_main_inner()+0x9b
V  [libjvm.dylib+0x56b968]  JavaThread::run()+0x1c2
V  [libjvm.dylib+0x489b0a]  java_start(Thread*)+0xf6
C  [libsystem_pthread.dylib+0x39af]  _pthread_body+0xb4
C  [libsystem_pthread.dylib+0x38fb]  _pthread_body+0x0
C  [libsystem_pthread.dylib+0x3101]  thread_start+0xd
C  0x0000000000000000

Java frames: (J=compiled Java code, j=interpreted, Vv=VM code)
J 2073  sun.java2d.opengl.OGLRenderQueue.flushBuffer(JI)V (0 bytes) @ 0x0000000108eeaff8 [0x0000000108eeafc0+0x38]
J 4813 C2 sun.java2d.opengl.OGLRenderQueue.flushBuffer()V (41 bytes) @ 0x0000000108d0ca80 [0x0000000108d0ca20+0x60]
J 10058% C1 sun.java2d.opengl.OGLRenderQueue$QueueFlusher.run()V (234 bytes) @ 0x00000001090a1e64 [0x00000001090a1460+0xa04]
v  ~StubRoutines::call_stub

---------------  P R O C E S S  ---------------

Java Threads: ( => current thread )
  0x00007fe9e80fb000 JavaThread "Prism Font Disposer" daemon [_thread_blocked, id=82343, stack(0x000070000e67b000,0x000070000e77b000)]
  0x00007fe9e1748800 JavaThread "RMI TCP Accept-64182" daemon [_thread_in_native, id=79215, stack(0x000070000dbd4000,0x000070000dcd4000)]
  0x00007fe9e1c19800 JavaThread "TimerQueue" daemon [_thread_blocked, id=73555, stack(0x000070000e1e9000,0x000070000e2e9000)]
  0x00007fe9e10f2000 JavaThread "main" [_thread_blocked, id=59915, stack(0x000070000d7c8000,0x000070000d8c8000)]
  0x00007fe9e0aa5000 JavaThread "SimulationThread" [_thread_blocked, id=70147, stack(0x000070000e063000,0x000070000e163000)]
  0x00007fe9e0a65000 JavaThread "Thread-6" daemon [_thread_in_native, id=69123, stack(0x000070000dedd000,0x000070000df5d000)]
  0x00007fe9e0a42000 JavaThread "Thread-5" daemon [_thread_blocked, id=67075, stack(0x000070000ddda000,0x000070000deda000)]
  0x00007fe9e0216800 JavaThread "QuantumRenderer-0" daemon [_thread_blocked, id=59399, stack(0x000070000d6c5000,0x000070000d7c5000)]
  0x00007fe9e0a31800 JavaThread "AWT-EventQueue-0" [_thread_in_native, id=66051, stack(0x000070000dcd7000,0x000070000ddd7000)]
  0x00007fe9e1ac4000 JavaThread "RMI Reaper" [_thread_blocked, id=65027, stack(0x000070000dad1000,0x000070000dbd1000)]
  0x00007fe9e1172800 JavaThread "RMI TCP Accept-0" daemon [_thread_in_native, id=64515, stack(0x000070000d9ce000,0x000070000dace000)]
  0x00007fe9e0a0d000 JavaThread "Java2D Disposer" daemon [_thread_blocked, id=61207, stack(0x000070000d8cb000,0x000070000d9cb000)]
=>0x00007fe9e01cb800 JavaThread "Java2D Queue Flusher" daemon [_thread_in_native, id=60935, stack(0x000070000d3bc000,0x000070000d4bc000)]
  0x00007fe9e1a9c000 JavaThread "GC Daemon" daemon [_thread_blocked, id=58891, stack(0x000070000d5c2000,0x000070000d6c2000)]
  0x00007fe9e1105000 JavaThread "RMI RenewClean-[127.0.0.1:58368]" daemon [_thread_blocked, id=58375, stack(0x000070000d4bf000,0x000070000d5bf000)]
  0x00007fe9e0061800 JavaThread "RMI Scheduler(0)" daemon [_thread_blocked, id=48967, stack(0x000070000d1b6000,0x000070000d2b6000)]
  0x00007fe9e0003000 JavaThread "DestroyJavaVM" [_thread_blocked, id=7171, stack(0x000070000bdf7000,0x000070000bef7000)]
  0x00007fe9e194f000 JavaThread "BlueJ worker thread" [_thread_blocked, id=56579, stack(0x000070000d2b9000,0x000070000d3b9000)]
  0x00007fe9e0181800 JavaThread "AWT-Shutdown" [_thread_blocked, id=31775, stack(0x000070000cfad000,0x000070000d0ad000)]
  0x00007fe9e0877800 JavaThread "JavaFX Application Thread" daemon [_thread_in_native, id=775, stack(0x00007fff5dbe0000,0x00007fff5e3e0000)]
  0x00007fe9e007a000 JavaThread "Service Thread" daemon [_thread_blocked, id=19971, stack(0x000070000cd24000,0x000070000ce24000)]
  0x00007fe9e1875000 JavaThread "C1 CompilerThread2" daemon [_thread_blocked, id=19459, stack(0x000070000cc21000,0x000070000cd21000)]
  0x00007fe9e1874800 JavaThread "C2 CompilerThread1" daemon [_thread_blocked, id=18947, stack(0x000070000cb1e000,0x000070000cc1e000)]
  0x00007fe9e1019000 JavaThread "C2 CompilerThread0" daemon [_thread_blocked, id=18435, stack(0x000070000ca1b000,0x000070000cb1b000)]
  0x00007fe9e181a800 JavaThread "JDWP Command Reader" daemon [_thread_in_native, id=17923, stack(0x000070000c918000,0x000070000ca18000)]
  0x00007fe9e1819000 JavaThread "JDWP Event Helper Thread" daemon [_thread_blocked, id=17411, stack(0x000070000c815000,0x000070000c915000)]
  0x00007fe9e181a000 JavaThread "JDWP Transport Listener: dt_socket" daemon [_thread_blocked, id=16899, stack(0x000070000c712000,0x000070000c812000)]
  0x00007fe9e1809000 JavaThread "Signal Dispatcher" daemon [_thread_blocked, id=16387, stack(0x000070000c60f000,0x000070000c70f000)]
  0x00007fe9e004b800 JavaThread "Finalizer" daemon [_thread_blocked, id=12547, stack(0x000070000c50c000,0x000070000c60c000)]
  0x00007fe9e0002000 JavaThread "Reference Handler" daemon [_thread_blocked, id=12035, stack(0x000070000c409000,0x000070000c509000)]

Other Threads:
  0x00007fe9e1018800 VMThread [stack: 0x000070000c306000,0x000070000c406000] [id=11523]
  0x00007fe9e0800000 WatcherThread [stack: 0x000070000ce27000,0x000070000cf27000] [id=20483]

VM state:not at safepoint (normal execution)

VM Mutex/Monitor currently owned by a thread: None

Heap:
 PSYoungGen      total 628224K, used 0K [0x0000000795580000, 0x00000007bc980000, 0x00000007c0000000)
  eden space 615424K, 0% used [0x0000000795580000,0x0000000795580020,0x00000007bae80000)
  from space 12800K, 0% used [0x00000007bae80000,0x00000007bae80000,0x00000007bbb00000)
  to   space 13312K, 0% used [0x00000007bbc80000,0x00000007bbc80000,0x00000007bc980000)
 ParOldGen       total 147456K, used 45185K [0x0000000740000000, 0x0000000749000000, 0x0000000795580000)
  object space 147456K, 30% used [0x0000000740000000,0x0000000742c204a8,0x0000000749000000)
 Metaspace       used 37810K, capacity 39732K, committed 43008K, reserved 1085440K
  class space    used 5055K, capacity 5537K, committed 6656K, reserved 1048576K

Card table byte_map: [0x0000000103561000,0x0000000103962000] byte_map_base: 0x00000000ffb61000

Marking Bits: (ParMarkBitMap*) 0x0000000102aefd20
 Begin Bits: [0x0000000103c0d000, 0x0000000105c0d000)
 End Bits:   [0x0000000105c0d000, 0x0000000107c0d000)

Polling page: 0x0000000101999000

CodeCache: size=245760Kb used=26475Kb max_used=26909Kb free=219284Kb
 bounds [0x0000000108853000, 0x000000010a2e3000, 0x0000000117853000]
 total_blobs=8146 nmethods=7251 adapters=812
 compilation: enabled

Compilation events (10 events):
Event: 9812.568 Thread 0x00007fe9e1875000 10064       1       sun.rmi.transport.tcp.TCPEndpoint::getServerSocketFactory (5 bytes)
Event: 9812.568 Thread 0x00007fe9e1875000 nmethod 10064 0x0000000109edeed0 code [0x0000000109edf020, 0x0000000109edf130]
Event: 9827.572 Thread 0x00007fe9e1875000 10065       3       java.util.concurrent.SynchronousQueue$TransferStack::transfer (380 bytes)
Event: 9827.576 Thread 0x00007fe9e1875000 nmethod 10065 0x0000000109787710 code [0x0000000109787a20, 0x000000010978a0f8]
Event: 11121.579 Thread 0x00007fe9e1875000 10066       3       sun.java2d.SurfaceData::getSourceSurfaceData (110 bytes)
Event: 11121.583 Thread 0x00007fe9e1875000 nmethod 10066 0x0000000109a81c10 code [0x0000000109a81e20, 0x0000000109a82a38]
Event: 11121.588 Thread 0x00007fe9e1874800 10067       4       java.util.LinkedHashMap::clear (15 bytes)
Event: 11121.591 Thread 0x00007fe9e1874800 nmethod 10067 0x0000000109f538d0 code [0x0000000109f53a20, 0x0000000109f53b38]
Event: 11121.676 Thread 0x00007fe9e1875000 10068       3       greenfoot.GreenfootImage::createClone (19 bytes)
Event: 11121.677 Thread 0x00007fe9e1875000 nmethod 10068 0x0000000109fbbed0 code [0x0000000109fbc040, 0x0000000109fbc208]

GC Heap History (10 events):
Event: 4992.886 GC heap before
{Heap before GC invocations=1579 (full 406):
 PSYoungGen      total 618496K, used 1641K [0x0000000795580000, 0x00000007bc680000, 0x00000007c0000000)
  eden space 616448K, 0% used [0x0000000795580000,0x0000000795580000,0x00000007baf80000)
  from space 2048K, 80% used [0x00000007baf80000,0x00000007bb11a650,0x00000007bb180000)
  to   space 11776K, 0% used [0x00000007bbb00000,0x00000007bbb00000,0x00000007bc680000)
 ParOldGen       total 147456K, used 52807K [0x0000000740000000, 0x0000000749000000, 0x0000000795580000)
  object space 147456K, 35% used [0x0000000740000000,0x0000000743391fa0,0x0000000749000000)
 Metaspace       used 38940K, capacity 41702K, committed 43008K, reserved 1085440K
  class space    used 5278K, capacity 6166K, committed 6656K, reserved 1048576K
Event: 4992.954 GC heap after
Heap after GC invocations=1579 (full 406):
 PSYoungGen      total 618496K, used 0K [0x0000000795580000, 0x00000007bc680000, 0x00000007c0000000)
  eden space 616448K, 0% used [0x0000000795580000,0x0000000795580000,0x00000007baf80000)
  from space 2048K, 0% used [0x00000007baf80000,0x00000007baf80000,0x00000007bb180000)
  to   space 11776K, 0% used [0x00000007bbb00000,0x00000007bbb00000,0x00000007bc680000)
 ParOldGen       total 147456K, used 46677K [0x0000000740000000, 0x0000000749000000, 0x0000000795580000)
  object space 147456K, 31% used [0x0000000740000000,0x0000000742d955a0,0x0000000749000000)
 Metaspace       used 38940K, capacity 41702K, committed 43008K, reserved 1085440K
  class space    used 5278K, capacity 6166K, committed 6656K, reserved 1048576K
}
Event: 8592.964 GC heap before
{Heap before GC invocations=1580 (full 406):
 PSYoungGen      total 618496K, used 54669K [0x0000000795580000, 0x00000007bc680000, 0x00000007c0000000)
  eden space 616448K, 8% used [0x0000000795580000,0x0000000798ae3410,0x00000007baf80000)
  from space 2048K, 0% used [0x00000007baf80000,0x00000007baf80000,0x00000007bb180000)
  to   space 11776K, 0% used [0x00000007bbb00000,0x00000007bbb00000,0x00000007bc680000)
 ParOldGen       total 147456K, used 46677K [0x0000000740000000, 0x0000000749000000, 0x0000000795580000)
  object space 147456K, 31% used [0x0000000740000000,0x0000000742d955a0,0x0000000749000000)
 Metaspace       used 39013K, capacity 41822K, committed 43008K, reserved 1085440K
  class space    used 5294K, capacity 6206K, committed 6656K, reserved 1048576K
Event: 8592.979 GC heap after
Heap after GC invocations=1580 (full 406):
 PSYoungGen      total 627200K, used 7838K [0x0000000795580000, 0x00000007bc880000, 0x00000007c0000000)
  eden space 615424K, 0% used [0x0000000795580000,0x0000000795580000,0x00000007bae80000)
  from space 11776K, 66% used [0x00000007bbb00000,0x00000007bc2a78e0,0x00000007bc680000)
  to   space 12800K, 0% used [0x00000007bae80000,0x00000007bae80000,0x00000007bbb00000)
 ParOldGen       total 147456K, used 46677K [0x0000000740000000, 0x0000000749000000, 0x0000000795580000)
  object space 147456K, 31% used [0x0000000740000000,0x0000000742d955a0,0x0000000749000000)
 Metaspace       used 39013K, capacity 41822K, committed 43008K, reserved 1085440K
  class space    used 5294K, capacity 6206K, committed 6656K, reserved 1048576K
}
Event: 8592.979 GC heap before
{Heap before GC invocations=1581 (full 407):
 PSYoungGen      total 627200K, used 7838K [0x0000000795580000, 0x00000007bc880000, 0x00000007c0000000)
  eden space 615424K, 0% used [0x0000000795580000,0x0000000795580000,0x00000007bae80000)
  from space 11776K, 66% used [0x00000007bbb00000,0x00000007bc2a78e0,0x00000007bc680000)
  to   space 12800K, 0% used [0x00000007bae80000,0x00000007bae80000,0x00000007bbb00000)
 ParOldGen       total 147456K, used 46677K [0x0000000740000000, 0x0000000749000000, 0x0000000795580000)
  object space 147456K, 31% used [0x0000000740000000,0x0000000742d955a0,0x0000000749000000)
 Metaspace       used 39013K, capacity 41822K, committed 43008K, reserved 1085440K
  class space    used 5294K, capacity 6206K, committed 6656K, reserved 1048576K
Event: 8593.127 GC heap after
Heap after GC invocations=1581 (full 407):
 PSYoungGen      total 627200K, used 0K [0x0000000795580000, 0x00000007bc880000, 0x00000007c0000000)
  eden space 615424K, 0% used [0x0000000795580000,0x0000000795580000,0x00000007bae80000)
  from space 11776K, 0% used [0x00000007bbb00000,0x00000007bbb00000,0x00000007bc680000)
  to   space 12800K, 0% used [0x00000007bae80000,0x00000007bae80000,0x00000007bbb00000)
 ParOldGen       total 147456K, used 39725K [0x0000000740000000, 0x0000000749000000, 0x0000000795580000)
  object space 147456K, 26% used [0x0000000740000000,0x00000007426cb688,0x0000000749000000)
 Metaspace       used 37785K, capacity 39732K, committed 43008K, reserved 1085440K
  class space    used 5055K, capacity 5537K, committed 6656K, reserved 1048576K
}
Event: 11121.723 GC heap before
{Heap before GC invocations=1582 (full 407):
 PSYoungGen      total 627200K, used 58761K [0x0000000795580000, 0x00000007bc880000, 0x00000007c0000000)
  eden space 615424K, 9% used [0x0000000795580000,0x0000000798ee2698,0x00000007bae80000)
  from space 11776K, 0% used [0x00000007bbb00000,0x00000007bbb00000,0x00000007bc680000)
  to   space 12800K, 0% used [0x00000007bae80000,0x00000007bae80000,0x00000007bbb00000)
 ParOldGen       total 147456K, used 39725K [0x0000000740000000, 0x0000000749000000, 0x0000000795580000)
  object space 147456K, 26% used [0x0000000740000000,0x00000007426cb688,0x0000000749000000)
 Metaspace       used 37848K, capacity 39792K, committed 43008K, reserved 1085440K
  class space    used 5060K, capacity 5547K, committed 6656K, reserved 1048576K
Event: 11121.757 GC heap after
Heap after GC invocations=1582 (full 407):
 PSYoungGen      total 628224K, used 7027K [0x0000000795580000, 0x00000007bc980000, 0x00000007c0000000)
  eden space 615424K, 0% used [0x0000000795580000,0x0000000795580000,0x00000007bae80000)
  from space 12800K, 54% used [0x00000007bae80000,0x00000007bb55cc80,0x00000007bbb00000)
  to   space 13312K, 0% used [0x00000007bbc80000,0x00000007bbc80000,0x00000007bc980000)
 ParOldGen       total 147456K, used 39733K [0x0000000740000000, 0x0000000749000000, 0x0000000795580000)
  object space 147456K, 26% used [0x0000000740000000,0x00000007426cd688,0x0000000749000000)
 Metaspace       used 37848K, capacity 39792K, committed 43008K, reserved 1085440K
  class space    used 5060K, capacity 5547K, committed 6656K, reserved 1048576K
}
Event: 11121.757 GC heap before
{Heap before GC invocations=1583 (full 408):
 PSYoungGen      total 628224K, used 7027K [0x0000000795580000, 0x00000007bc980000, 0x00000007c0000000)
  eden space 615424K, 0% used [0x0000000795580000,0x0000000795580000,0x00000007bae80000)
  from space 12800K, 54% used [0x00000007bae80000,0x00000007bb55cc80,0x00000007bbb00000)
  to   space 13312K, 0% used [0x00000007bbc80000,0x00000007bbc80000,0x00000007bc980000)
 ParOldGen       total 147456K, used 39733K [0x0000000740000000, 0x0000000749000000, 0x0000000795580000)
  object space 147456K, 26% used [0x0000000740000000,0x00000007426cd688,0x0000000749000000)
 Metaspace       used 37848K, capacity 39792K, committed 43008K, reserved 1085440K
  class space    used 5060K, capacity 5547K, committed 6656K, reserved 1048576K
Event: 11122.015 GC heap after
Heap after GC invocations=1583 (full 408):
 PSYoungGen      total 628224K, used 0K [0x0000000795580000, 0x00000007bc980000, 0x00000007c0000000)
  eden space 615424K, 0% used [0x0000000795580000,0x0000000795580000,0x00000007bae80000)
  from space 12800K, 0% used [0x00000007bae80000,0x00000007bae80000,0x00000007bbb00000)
  to   space 13312K, 0% used [0x00000007bbc80000,0x00000007bbc80000,0x00000007bc980000)
 ParOldGen       total 147456K, used 45185K [0x0000000740000000, 0x0000000749000000, 0x0000000795580000)
  object space 147456K, 30% used [0x0000000740000000,0x0000000742c204a8,0x0000000749000000)
 Metaspace       used 37810K, capacity 39732K, committed 43008K, reserved 1085440K
  class space    used 5055K, capacity 5537K, committed 6656K, reserved 1048576K
}

Deoptimization events (10 events):
Event: 5274.359 Thread 0x00007fe9e1105000 Uncommon trap: reason=unstable_if action=reinterpret pc=0x00000001093fc508 method=java.lang.ref.ReferenceQueue.remove(J)Ljava/lang/ref/Reference; @ 70
Event: 8593.129 Thread 0x00007fe9e0a0d000 Uncommon trap: reason=unstable_if action=reinterpret pc=0x000000010920af1c method=java.util.concurrent.ConcurrentHashMap.get(Ljava/lang/Object;)Ljava/lang/Object; @ 138
Event: 8593.129 Thread 0x00007fe9e01cb800 Uncommon trap: reason=class_check action=maybe_recompile pc=0x000000010980909c method=sun.java2d.opengl.OGLRenderQueue$QueueFlusher.run()V @ 95
Event: 9441.917 Thread 0x00007fe9e0a31800 Uncommon trap: reason=bimorphic action=maybe_recompile pc=0x0000000109a2d398 method=javax.swing.RepaintManager$4.run()Ljava/lang/Void; @ 91
Event: 9442.104 Thread 0x00007fe9e0a31800 Uncommon trap: reason=unstable_if action=reinterpret pc=0x0000000108c0d850 method=sun.java2d.SunGraphics2D.validatePipe()V @ 7
Event: 9442.104 Thread 0x00007fe9e0a31800 Uncommon trap: reason=unstable_if action=reinterpret pc=0x0000000108ac34e0 method=sun.java2d.opengl.OGLSurfaceDataProxy.createProxy(Lsun/java2d/SurfaceData;Lsun/java2d/opengl/OGLGraphicsConfig;)Lsun/java2d/SurfaceDataProxy; @ 4
Event: 9442.221 Thread 0x00007fe9e01cb800 Uncommon trap: reason=unstable_if action=reinterpret pc=0x0000000109808f34 method=sun.java2d.opengl.OGLRenderQueue$QueueFlusher.run()V @ 47
Event: 9442.221 Thread 0x00007fe9e0a31800 Uncommon trap: reason=unstable_if action=reinterpret pc=0x0000000108c4ea78 method=java.util.LinkedHashMap.afterNodeAccess(Ljava/util/HashMap$Node;)V @ 41
Event: 9442.221 Thread 0x00007fe9e0a31800 Uncommon trap: reason=unstable_if action=reinterpret pc=0x0000000109244514 method=java.util.LinkedHashMap.afterNodeAccess(Ljava/util/HashMap$Node;)V @ 41
Event: 11121.567 Thread 0x00007fe9e0aa5000 Uncommon trap: reason=unstable_if action=reinterpret pc=0x00000001096f7fdc method=greenfoot.core.ImageCache.flushImgCacheRefQueue()V @ 9

Internal exceptions (10 events):
Event: 4712.517 Thread 0x00007fe9e0758000 Implicit null exception at 0x00000001093b42f8 to 0x00000001093b4905
Event: 4725.478 Thread 0x00007fe9e0aa5000 Exception <a 'java/lang/InterruptedException': sleep interrupted> (0x0000000795f7dfc0) thrown at [/Users/java_re/workspace/8-2-build-macosx-x86_64/jdk8u111/7883/hotspot/src/share/vm/prims/jvm.cpp, line 3224]
Event: 4873.608 Thread 0x00007fe9e0aa5000 Exception <a 'java/lang/InterruptedException': sleep interrupted> (0x00000007993f5128) thrown at [/Users/java_re/workspace/8-2-build-macosx-x86_64/jdk8u111/7883/hotspot/src/share/vm/prims/jvm.cpp, line 3224]
Event: 4992.877 Thread 0x00007fe9e0aa5000 Exception <a 'java/lang/InterruptedException': sleep interrupted> (0x0000000797295098) thrown at [/Users/java_re/workspace/8-2-build-macosx-x86_64/jdk8u111/7883/hotspot/src/share/vm/prims/jvm.cpp, line 3224]
Event: 5239.656 Thread 0x00007fe9e0877800 Implicit null exception at 0x00000001093e889e to 0x00000001093ebdfd
Event: 5239.680 Thread 0x00007fe9e0a31800 Implicit null exception at 0x00000001094969ea to 0x0000000109497dfd
Event: 8593.129 Thread 0x00007fe9e1105000 Exception <a 'java/lang/NoSuchMethodError': <clinit>> (0x00000007955862b0) thrown at [/Users/java_re/workspace/8-2-build-macosx-x86_64/jdk8u111/7883/hotspot/src/share/vm/prims/jni.cpp, line 1613]
Event: 8593.142 Thread 0x00007fe9e1105000 Exception <a 'java/lang/NoSuchMethodError': <clinit>> (0x0000000795719b80) thrown at [/Users/java_re/workspace/8-2-build-macosx-x86_64/jdk8u111/7883/hotspot/src/share/vm/prims/jni.cpp, line 1613]
Event: 9442.221 Thread 0x00007fe9e0a31800 Implicit null exception at 0x0000000108c4dee5 to 0x0000000108c4ea3d
Event: 9442.221 Thread 0x00007fe9e0a31800 Implicit null exception at 0x000000010924440a to 0x00000001092444f5

Events (10 events):
Event: 11121.594 Thread 0x00007fe9e1874800 flushing nmethod 0x000000010941f2d0
Event: 11121.636 Executing VM operation: RevokeBias
Event: 11121.636 Executing VM operation: RevokeBias done
Event: 11121.636 Executing VM operation: RevokeBias
Event: 11121.637 Executing VM operation: RevokeBias done
Event: 11121.637 Executing VM operation: RevokeBias
Event: 11121.638 Executing VM operation: RevokeBias done
Event: 11121.678 Thread 0x00007fe9e1875000 flushing nmethod 0x00000001096c6fd0
Event: 11121.722 Executing VM operation: ParallelGCSystemGC
Event: 11122.015 Executing VM operation: ParallelGCSystemGC done


Dynamic libraries:
0x00000000171c6000 	/System/Library/Frameworks/Cocoa.framework/Versions/A/Cocoa
0x00000000171c6000 	/System/Library/Frameworks/Security.framework/Versions/A/Security
0x00000000171c6000 	/System/Library/Frameworks/ApplicationServices.framework/Versions/A/ApplicationServices
0x00000000171c6000 	/usr/lib/libz.1.dylib
0x00000000171c6000 	/usr/lib/libSystem.B.dylib
0x00000000171c6000 	/usr/lib/libobjc.A.dylib
0x00000000171c6000 	/System/Library/Frameworks/CoreFoundation.framework/Versions/A/CoreFoundation
0x00000000171c6000 	/System/Library/Frameworks/Foundation.framework/Versions/C/Foundation
0x00000000171c6000 	/System/Library/Frameworks/AppKit.framework/Versions/C/AppKit
0x00000000171c6000 	/System/Library/Frameworks/CoreData.framework/Versions/A/CoreData
0x00000000171c6000 	/System/Library/PrivateFrameworks/RemoteViewServices.framework/Versions/A/RemoteViewServices
0x00000000171c6000 	/System/Library/PrivateFrameworks/UIFoundation.framework/Versions/A/UIFoundation
0x00000000171c6000 	/System/Library/PrivateFrameworks/DFRFoundation.framework/Versions/A/DFRFoundation
0x00000000171c6000 	/usr/lib/libenergytrace.dylib
0x00000000171c6000 	/System/Library/PrivateFrameworks/SkyLight.framework/Versions/A/SkyLight
0x00000000171c6000 	/System/Library/Frameworks/CoreGraphics.framework/Versions/A/CoreGraphics
0x00000000171c6000 	/usr/lib/libScreenReader.dylib
0x00000000171c6000 	/System/Library/Frameworks/Accelerate.framework/Versions/A/Accelerate
0x00000000171c6000 	/System/Library/Frameworks/IOSurface.framework/Versions/A/IOSurface
0x00000000171c6000 	/System/Library/Frameworks/AudioToolbox.framework/Versions/A/AudioToolbox
0x00000000171c6000 	/System/Library/Frameworks/AudioUnit.framework/Versions/A/AudioUnit
0x00000000171c6000 	/System/Library/PrivateFrameworks/DataDetectorsCore.framework/Versions/A/DataDetectorsCore
0x00000000171c6000 	/System/Library/PrivateFrameworks/DesktopServicesPriv.framework/Versions/A/DesktopServicesPriv
0x00000000171c6000 	/System/Library/Frameworks/Carbon.framework/Versions/A/Frameworks/HIToolbox.framework/Versions/A/HIToolbox
0x00000000171c6000 	/usr/lib/libicucore.A.dylib
0x00000000171c6000 	/System/Library/Frameworks/QuartzCore.framework/Versions/A/QuartzCore
0x00000000171c6000 	/System/Library/Frameworks/Carbon.framework/Versions/A/Frameworks/SpeechRecognition.framework/Versions/A/SpeechRecognition
0x00000000171c6000 	/usr/lib/libauto.dylib
0x00000000171c6000 	/usr/lib/libxml2.2.dylib
0x00000000171c6000 	/System/Library/PrivateFrameworks/CoreUI.framework/Versions/A/CoreUI
0x00000000171c6000 	/System/Library/Frameworks/CoreAudio.framework/Versions/A/CoreAudio
0x00000000171c6000 	/System/Library/Frameworks/DiskArbitration.framework/Versions/A/DiskArbitration
0x00000000171c6000 	/usr/lib/liblangid.dylib
0x00000000171c6000 	/System/Library/PrivateFrameworks/MultitouchSupport.framework/Versions/A/MultitouchSupport
0x00000000171c6000 	/System/Library/Frameworks/IOKit.framework/Versions/A/IOKit
0x00000000171c6000 	/usr/lib/libDiagnosticMessagesClient.dylib
0x00000000171c6000 	/System/Library/Frameworks/CoreServices.framework/Versions/A/CoreServices
0x00000000171c6000 	/System/Library/PrivateFrameworks/PerformanceAnalysis.framework/Versions/A/PerformanceAnalysis
0x00000000171c6000 	/System/Library/PrivateFrameworks/GenerationalStorage.framework/Versions/A/GenerationalStorage
0x00000000171c6000 	/System/Library/Frameworks/OpenGL.framework/Versions/A/OpenGL
0x00000000171c6000 	/System/Library/Frameworks/CoreImage.framework/Versions/A/CoreImage
0x00000000171c6000 	/System/Library/Frameworks/CoreText.framework/Versions/A/CoreText
0x00000000171c6000 	/System/Library/Frameworks/ImageIO.framework/Versions/A/ImageIO
0x00000000171c6000 	/System/Library/PrivateFrameworks/Backup.framework/Versions/A/Backup
0x00000000171c6000 	/usr/lib/libarchive.2.dylib
0x00000000171c6000 	/System/Library/Frameworks/CFNetwork.framework/Versions/A/CFNetwork
0x00000000171c6000 	/System/Library/Frameworks/SystemConfiguration.framework/Versions/A/SystemConfiguration
0x00000000171c6000 	/usr/lib/libCRFSuite.dylib
0x00000000171c6000 	/usr/lib/libc++.1.dylib
0x00000000171c6000 	/usr/lib/libc++abi.dylib
0x00000000171c6000 	/usr/lib/system/libcache.dylib
0x00000000171c6000 	/usr/lib/system/libcommonCrypto.dylib
0x00000000171c6000 	/usr/lib/system/libcompiler_rt.dylib
0x00000000171c6000 	/usr/lib/system/libcopyfile.dylib
0x00000000171c6000 	/usr/lib/system/libcorecrypto.dylib
0x00000000171c6000 	/usr/lib/system/libdispatch.dylib
0x00000000171c6000 	/usr/lib/system/libdyld.dylib
0x00000000171c6000 	/usr/lib/system/libkeymgr.dylib
0x00000000171c6000 	/usr/lib/system/liblaunch.dylib
0x00000000171c6000 	/usr/lib/system/libmacho.dylib
0x00000000171c6000 	/usr/lib/system/libquarantine.dylib
0x00000000171c6000 	/usr/lib/system/libremovefile.dylib
0x00000000171c6000 	/usr/lib/system/libsystem_asl.dylib
0x00000000171c6000 	/usr/lib/system/libsystem_blocks.dylib
0x00000000171c6000 	/usr/lib/system/libsystem_c.dylib
0x00000000171c6000 	/usr/lib/system/libsystem_configuration.dylib
0x00000000171c6000 	/usr/lib/system/libsystem_coreservices.dylib
0x00000000171c6000 	/usr/lib/system/libsystem_coretls.dylib
0x00000000171c6000 	/usr/lib/system/libsystem_dnssd.dylib
0x00000000171c6000 	/usr/lib/system/libsystem_info.dylib
0x00000000171c6000 	/usr/lib/system/libsystem_kernel.dylib
0x00000000171c6000 	/usr/lib/system/libsystem_m.dylib
0x00000000171c6000 	/usr/lib/system/libsystem_malloc.dylib
0x00000000171c6000 	/usr/lib/system/libsystem_network.dylib
0x00000000171c6000 	/usr/lib/system/libsystem_networkextension.dylib
0x00000000171c6000 	/usr/lib/system/libsystem_notify.dylib
0x00000000171c6000 	/usr/lib/system/libsystem_platform.dylib
0x00000000171c6000 	/usr/lib/system/libsystem_pthread.dylib
0x00000000171c6000 	/usr/lib/system/libsystem_sandbox.dylib
0x00000000171c6000 	/usr/lib/system/libsystem_secinit.dylib
0x00000000171c6000 	/usr/lib/system/libsystem_symptoms.dylib
0x00000000171c6000 	/usr/lib/system/libsystem_trace.dylib
0x00000000171c6000 	/usr/lib/system/libunwind.dylib
0x00000000171c6000 	/usr/lib/system/libxpc.dylib
0x00000000171c6000 	/usr/lib/libbsm.0.dylib
0x00000000171c6000 	/usr/lib/system/libkxld.dylib
0x00000000171c6000 	/usr/lib/libcoretls.dylib
0x00000000171c6000 	/usr/lib/libcoretls_cfhelpers.dylib
0x00000000171c6000 	/usr/lib/libOpenScriptingUtil.dylib
0x00000000171c6000 	/usr/lib/libpam.2.dylib
0x00000000171c6000 	/usr/lib/libsqlite3.dylib
0x00000000171c6000 	/usr/lib/libxar.1.dylib
0x00000000171c6000 	/usr/lib/libbz2.1.0.dylib
0x00000000171c6000 	/usr/lib/liblzma.5.dylib
0x00000000171c6000 	/usr/lib/libnetwork.dylib
0x00000000171c6000 	/usr/lib/libpcap.A.dylib
0x00000000171c6000 	/System/Library/Frameworks/CoreServices.framework/Versions/A/Frameworks/FSEvents.framework/Versions/A/FSEvents
0x00000000171c6000 	/System/Library/Frameworks/CoreServices.framework/Versions/A/Frameworks/CarbonCore.framework/Versions/A/CarbonCore
0x00000000171c6000 	/System/Library/Frameworks/CoreServices.framework/Versions/A/Frameworks/Metadata.framework/Versions/A/Metadata
0x00000000171c6000 	/System/Library/Frameworks/CoreServices.framework/Versions/A/Frameworks/OSServices.framework/Versions/A/OSServices
0x00000000171c6000 	/System/Library/Frameworks/CoreServices.framework/Versions/A/Frameworks/SearchKit.framework/Versions/A/SearchKit
0x00000000171c6000 	/System/Library/Frameworks/CoreServices.framework/Versions/A/Frameworks/AE.framework/Versions/A/AE
0x00000000171c6000 	/System/Library/Frameworks/CoreServices.framework/Versions/A/Frameworks/LaunchServices.framework/Versions/A/LaunchServices
0x00000000171c6000 	/System/Library/Frameworks/CoreServices.framework/Versions/A/Frameworks/DictionaryServices.framework/Versions/A/DictionaryServices
0x00000000171c6000 	/System/Library/Frameworks/CoreServices.framework/Versions/A/Frameworks/SharedFileList.framework/Versions/A/SharedFileList
0x00000000171c6000 	/System/Library/Frameworks/NetFS.framework/Versions/A/NetFS
0x00000000171c6000 	/System/Library/PrivateFrameworks/NetAuth.framework/Versions/A/NetAuth
0x00000000171c6000 	/System/Library/PrivateFrameworks/login.framework/Versions/A/Frameworks/loginsupport.framework/Versions/A/loginsupport
0x00000000171c6000 	/System/Library/PrivateFrameworks/TCC.framework/Versions/A/TCC
0x00000000171c6000 	/usr/lib/libmecabra.dylib
0x00000000171c6000 	/System/Library/Frameworks/ApplicationServices.framework/Versions/A/Frameworks/ATS.framework/Versions/A/ATS
0x00000000171c6000 	/System/Library/Frameworks/ApplicationServices.framework/Versions/A/Frameworks/ColorSync.framework/Versions/A/ColorSync
0x00000000171c6000 	/System/Library/Frameworks/ApplicationServices.framework/Versions/A/Frameworks/HIServices.framework/Versions/A/HIServices
0x00000000171c6000 	/System/Library/Frameworks/ApplicationServices.framework/Versions/A/Frameworks/LangAnalysis.framework/Versions/A/LangAnalysis
0x00000000171c6000 	/System/Library/Frameworks/ApplicationServices.framework/Versions/A/Frameworks/PrintCore.framework/Versions/A/PrintCore
0x00000000171c6000 	/System/Library/Frameworks/ApplicationServices.framework/Versions/A/Frameworks/QD.framework/Versions/A/QD
0x00000000171c6000 	/System/Library/Frameworks/ApplicationServices.framework/Versions/A/Frameworks/SpeechSynthesis.framework/Versions/A/SpeechSynthesis
0x00000000171c6000 	/System/Library/Frameworks/Accelerate.framework/Versions/A/Frameworks/vImage.framework/Versions/A/vImage
0x00000000171c6000 	/System/Library/Frameworks/Accelerate.framework/Versions/A/Frameworks/vecLib.framework/Versions/A/vecLib
0x00000000171c6000 	/System/Library/Frameworks/Accelerate.framework/Versions/A/Frameworks/vecLib.framework/Versions/A/libvDSP.dylib
0x00000000171c6000 	/System/Library/Frameworks/Accelerate.framework/Versions/A/Frameworks/vecLib.framework/Versions/A/libBNNS.dylib
0x00000000171c6000 	/System/Library/Frameworks/Accelerate.framework/Versions/A/Frameworks/vecLib.framework/Versions/A/libQuadrature.dylib
0x00000000171c6000 	/System/Library/Frameworks/Accelerate.framework/Versions/A/Frameworks/vecLib.framework/Versions/A/libvMisc.dylib
0x00000000171c6000 	/System/Library/Frameworks/Accelerate.framework/Versions/A/Frameworks/vecLib.framework/Versions/A/libLAPACK.dylib
0x00000000171c6000 	/System/Library/Frameworks/Accelerate.framework/Versions/A/Frameworks/vecLib.framework/Versions/A/libBLAS.dylib
0x00000000171c6000 	/System/Library/Frameworks/Accelerate.framework/Versions/A/Frameworks/vecLib.framework/Versions/A/libLinearAlgebra.dylib
0x00000000171c6000 	/System/Library/Frameworks/Accelerate.framework/Versions/A/Frameworks/vecLib.framework/Versions/A/libSparseBLAS.dylib
0x00000000171c6000 	/System/Library/Frameworks/ApplicationServices.framework/Versions/A/Frameworks/ATS.framework/Versions/A/Resources/libFontParser.dylib
0x00000000171c6000 	/System/Library/Frameworks/ApplicationServices.framework/Versions/A/Frameworks/ATS.framework/Versions/A/Resources/libFontRegistry.dylib
0x00000000171c6000 	/System/Library/Frameworks/ImageIO.framework/Versions/A/Resources/libJPEG.dylib
0x00000000171c6000 	/System/Library/Frameworks/ImageIO.framework/Versions/A/Resources/libTIFF.dylib
0x00000000171c6000 	/System/Library/Frameworks/ImageIO.framework/Versions/A/Resources/libPng.dylib
0x00000000171c6000 	/System/Library/Frameworks/ImageIO.framework/Versions/A/Resources/libGIF.dylib
0x00000000171c6000 	/System/Library/Frameworks/ImageIO.framework/Versions/A/Resources/libJP2.dylib
0x00000000171c6000 	/System/Library/Frameworks/ImageIO.framework/Versions/A/Resources/libRadiance.dylib
0x00000000171c6000 	/usr/lib/libcompression.dylib
0x00000000171c6000 	/System/Library/PrivateFrameworks/AppleJPEG.framework/Versions/A/AppleJPEG
0x00000000171c6000 	/usr/lib/libcups.2.dylib
0x00000000171c6000 	/System/Library/Frameworks/Kerberos.framework/Versions/A/Kerberos
0x00000000171c6000 	/System/Library/Frameworks/GSS.framework/Versions/A/GSS
0x00000000171c6000 	/usr/lib/libresolv.9.dylib
0x00000000171c6000 	/usr/lib/libiconv.2.dylib
0x00000000171c6000 	/System/Library/PrivateFrameworks/Heimdal.framework/Versions/A/Heimdal
0x00000000171c6000 	/usr/lib/libheimdal-asn1.dylib
0x00000000171c6000 	/System/Library/Frameworks/OpenDirectory.framework/Versions/A/OpenDirectory
0x00000000171c6000 	/System/Library/PrivateFrameworks/CommonAuth.framework/Versions/A/CommonAuth
0x00000000171c6000 	/System/Library/Frameworks/OpenDirectory.framework/Versions/A/Frameworks/CFOpenDirectory.framework/Versions/A/CFOpenDirectory
0x00000000171c6000 	/System/Library/Frameworks/SecurityFoundation.framework/Versions/A/SecurityFoundation
0x00000000171c6000 	/System/Library/PrivateFrameworks/LanguageModeling.framework/Versions/A/LanguageModeling
0x00000000171c6000 	/usr/lib/libmarisa.dylib
0x00000000171c6000 	/usr/lib/libChineseTokenizer.dylib
0x00000000171c6000 	/usr/lib/libcmph.dylib
0x00000000171c6000 	/System/Library/PrivateFrameworks/CoreEmoji.framework/Versions/A/CoreEmoji
0x00000000171c6000 	/System/Library/Frameworks/ServiceManagement.framework/Versions/A/ServiceManagement
0x00000000171c6000 	/usr/lib/libxslt.1.dylib
0x00000000171c6000 	/System/Library/Frameworks/Carbon.framework/Versions/A/Frameworks/Ink.framework/Versions/A/Ink
0x00000000171c6000 	/System/Library/PrivateFrameworks/TextureIO.framework/Versions/A/TextureIO
0x00000000171c6000 	/System/Library/Frameworks/Metal.framework/Versions/A/Metal
0x00000000171c6000 	/usr/lib/libate.dylib
0x00000000171c6000 	/System/Library/PrivateFrameworks/GPUCompiler.framework/libmetal_timestamp.dylib
0x00000000171c6000 	/System/Library/Frameworks/OpenGL.framework/Versions/A/Libraries/libCoreFSCache.dylib
0x00000000171c6000 	/System/Library/PrivateFrameworks/IOAccelerator.framework/Versions/A/IOAccelerator
0x00000000171c6000 	/System/Library/Frameworks/CoreVideo.framework/Versions/A/CoreVideo
0x00000000171c6000 	/usr/lib/libFosl_dynamic.dylib
0x00000000171c6000 	/System/Library/PrivateFrameworks/MetalPerformanceShaders.framework/Versions/A/MetalPerformanceShaders
0x00000000171c6000 	/System/Library/PrivateFrameworks/FaceCore.framework/Versions/A/FaceCore
0x00000000171c6000 	/System/Library/Frameworks/OpenCL.framework/Versions/A/OpenCL
0x00000000171c6000 	/System/Library/Frameworks/OpenGL.framework/Versions/A/Libraries/libGLU.dylib
0x00000000171c6000 	/System/Library/Frameworks/OpenGL.framework/Versions/A/Libraries/libGFXShared.dylib
0x00000000171c6000 	/System/Library/Frameworks/OpenGL.framework/Versions/A/Libraries/libGL.dylib
0x00000000171c6000 	/System/Library/Frameworks/OpenGL.framework/Versions/A/Libraries/libGLImage.dylib
0x00000000171c6000 	/System/Library/Frameworks/OpenGL.framework/Versions/A/Libraries/libCVMSPluginSupport.dylib
0x00000000171c6000 	/System/Library/Frameworks/OpenGL.framework/Versions/A/Libraries/libCoreVMClient.dylib
0x00000000171c6000 	/System/Library/PrivateFrameworks/CrashReporterSupport.framework/Versions/A/CrashReporterSupport
0x00000000171c6000 	/System/Library/PrivateFrameworks/Sharing.framework/Versions/A/Sharing
0x00000000171c6000 	/System/Library/PrivateFrameworks/IconServices.framework/Versions/A/IconServices
0x00000000171c6000 	/System/Library/PrivateFrameworks/ProtocolBuffer.framework/Versions/A/ProtocolBuffer
0x00000000171c6000 	/System/Library/PrivateFrameworks/Apple80211.framework/Versions/A/Apple80211
0x00000000171c6000 	/System/Library/Frameworks/CoreWLAN.framework/Versions/A/CoreWLAN
0x00000000171c6000 	/System/Library/PrivateFrameworks/CoreUtils.framework/Versions/A/CoreUtils
0x00000000171c6000 	/System/Library/Frameworks/IOBluetooth.framework/Versions/A/IOBluetooth
0x00000000171c6000 	/System/Library/PrivateFrameworks/CoreWiFi.framework/Versions/A/CoreWiFi
0x00000000171c6000 	/System/Library/Frameworks/CoreBluetooth.framework/Versions/A/CoreBluetooth
0x00000000171c6000 	/System/Library/Frameworks/CoreDisplay.framework/Versions/A/CoreDisplay
0x00000000171c6000 	/System/Library/PrivateFrameworks/IOPresentment.framework/Versions/A/IOPresentment
0x00000000171c6000 	/System/Library/PrivateFrameworks/DSExternalDisplay.framework/Versions/A/DSExternalDisplay
0x00000000171c6000 	/System/Library/PrivateFrameworks/DebugSymbols.framework/Versions/A/DebugSymbols
0x00000000171c6000 	/System/Library/PrivateFrameworks/CoreSymbolication.framework/Versions/A/CoreSymbolication
0x00000000171c6000 	/System/Library/PrivateFrameworks/Symbolication.framework/Versions/A/Symbolication
0x00000000171c6000 	/System/Library/PrivateFrameworks/AppleFSCompression.framework/Versions/A/AppleFSCompression
0x00000000171c6000 	/System/Library/PrivateFrameworks/SpeechRecognitionCore.framework/Versions/A/SpeechRecognitionCore
0x00000000171c6000 	/System/Library/PrivateFrameworks/ChunkingLibrary.framework/Versions/A/ChunkingLibrary
0x0000000102200000 	/private/var/folders/yn/nbtf0r_17tv4k68d7zh13g_w0000gn/T/AppTranslocation/4A48D223-7FD0-4D19-BFD2-8D3F6975207A/d/Greenfoot.app/Contents/JDK/Home/jre/lib/server/libjvm.dylib
0x000000010189d000 	/usr/lib/libstdc++.6.dylib
0x0000000101956000 	/private/var/folders/yn/nbtf0r_17tv4k68d7zh13g_w0000gn/T/AppTranslocation/4A48D223-7FD0-4D19-BFD2-8D3F6975207A/d/Greenfoot.app/Contents/JDK/Home/jre/lib/libverify.dylib
0x0000000101964000 	/private/var/folders/yn/nbtf0r_17tv4k68d7zh13g_w0000gn/T/AppTranslocation/4A48D223-7FD0-4D19-BFD2-8D3F6975207A/d/Greenfoot.app/Contents/JDK/Home/jre/lib/libjava.dylib
0x000000010199a000 	/private/var/folders/yn/nbtf0r_17tv4k68d7zh13g_w0000gn/T/AppTranslocation/4A48D223-7FD0-4D19-BFD2-8D3F6975207A/d/Greenfoot.app/Contents/JDK/Home/jre/lib/libjdwp.dylib
0x00000001019e5000 	/private/var/folders/yn/nbtf0r_17tv4k68d7zh13g_w0000gn/T/AppTranslocation/4A48D223-7FD0-4D19-BFD2-8D3F6975207A/d/Greenfoot.app/Contents/JDK/Home/jre/lib/libnpt.dylib
0x00000001019f2000 	/private/var/folders/yn/nbtf0r_17tv4k68d7zh13g_w0000gn/T/AppTranslocation/4A48D223-7FD0-4D19-BFD2-8D3F6975207A/d/Greenfoot.app/Contents/JDK/Home/jre/lib/libzip.dylib
0x0000000118b93000 	/System/Library/Frameworks/JavaVM.framework/Frameworks/JavaRuntimeSupport.framework/JavaRuntimeSupport
0x0000000118bad000 	/System/Library/Frameworks/JavaVM.framework/Versions/A/Frameworks/JavaNativeFoundation.framework/Versions/A/JavaNativeFoundation
0x0000000118bc2000 	/System/Library/Frameworks/JavaVM.framework/Versions/A/JavaVM
0x00000000171c6000 	/System/Library/Frameworks/Carbon.framework/Versions/A/Carbon
0x0000000118bcf000 	/System/Library/PrivateFrameworks/JavaLaunching.framework/Versions/A/JavaLaunching
0x00000000171c6000 	/System/Library/Frameworks/Carbon.framework/Versions/A/Frameworks/CommonPanels.framework/Versions/A/CommonPanels
0x00000000171c6000 	/System/Library/Frameworks/Carbon.framework/Versions/A/Frameworks/Help.framework/Versions/A/Help
0x00000000171c6000 	/System/Library/Frameworks/Carbon.framework/Versions/A/Frameworks/ImageCapture.framework/Versions/A/ImageCapture
0x00000000171c6000 	/System/Library/Frameworks/Carbon.framework/Versions/A/Frameworks/OpenScripting.framework/Versions/A/OpenScripting
0x00000000171c6000 	/System/Library/Frameworks/Carbon.framework/Versions/A/Frameworks/Print.framework/Versions/A/Print
0x00000000171c6000 	/System/Library/Frameworks/Carbon.framework/Versions/A/Frameworks/SecurityHI.framework/Versions/A/SecurityHI
0x000000011a4d4000 	/private/var/folders/yn/nbtf0r_17tv4k68d7zh13g_w0000gn/T/AppTranslocation/4A48D223-7FD0-4D19-BFD2-8D3F6975207A/d/Greenfoot.app/Contents/JDK/Home/jre/lib/libdt_socket.dylib
0x000000011a508000 	/private/var/folders/yn/nbtf0r_17tv4k68d7zh13g_w0000gn/T/AppTranslocation/4A48D223-7FD0-4D19-BFD2-8D3F6975207A/d/Greenfoot.app/Contents/JDK/Home/jre/lib/libawt.dylib
0x000000011a5b0000 	/private/var/folders/yn/nbtf0r_17tv4k68d7zh13g_w0000gn/T/AppTranslocation/4A48D223-7FD0-4D19-BFD2-8D3F6975207A/d/Greenfoot.app/Contents/JDK/Home/jre/lib/./libmlib_image.dylib
0x000000011a67c000 	/private/var/folders/yn/nbtf0r_17tv4k68d7zh13g_w0000gn/T/AppTranslocation/4A48D223-7FD0-4D19-BFD2-8D3F6975207A/d/Greenfoot.app/Contents/JDK/Home/jre/lib/libawt_lwawt.dylib
0x000000011a731000 	/private/var/folders/yn/nbtf0r_17tv4k68d7zh13g_w0000gn/T/AppTranslocation/4A48D223-7FD0-4D19-BFD2-8D3F6975207A/d/Greenfoot.app/Contents/JDK/Home/jre/lib/./libosxapp.dylib
0x00000000171c6000 	/System/Library/Frameworks/ExceptionHandling.framework/Versions/A/ExceptionHandling
0x00000000171c6000 	/System/Library/PrivateFrameworks/CoreServicesInternal.framework/Versions/A/CoreServicesInternal
0x00000000171c6000 	/System/Library/CoreServices/RawCamera.bundle/Contents/MacOS/RawCamera
0x000000011b2ec000 	/System/Library/Frameworks/Accelerate.framework/Frameworks/vImage.framework/Versions/A/Libraries/libCGInterfaces.dylib
0x00000000171c6000 	/System/Library/Frameworks/ApplicationServices.framework/Versions/A/Frameworks/ATS.framework/Versions/A/Resources/libTrueTypeScaler.dylib
0x000000011bf9f000 	/System/Library/Frameworks/OpenGL.framework/Resources/GLEngine.bundle/GLEngine
0x00000000171c6000 	/System/Library/Frameworks/OpenGL.framework/Versions/A/Libraries/libGLProgrammability.dylib
0x000000011c184000 	/System/Library/Extensions/AppleIntelBDWGraphicsGLDriver.bundle/Contents/MacOS/AppleIntelBDWGraphicsGLDriver
0x00000000171c6000 	/System/Library/PrivateFrameworks/GPUSupport.framework/Versions/A/Libraries/libGPUSupportMercury.dylib
0x000000011c8ee000 	/System/Library/Frameworks/OpenGL.framework/Resources//GLRendererFloat.bundle/GLRendererFloat
0x00000000171c6000 	/System/Library/Frameworks/OpenCL.framework/Versions/A/Libraries/libcldcpuengine.dylib
0x00000000171c6000 	/usr/lib/libcrypto.0.9.8.dylib
0x00000000171c6000 	/System/Library/PrivateFrameworks/TrustEvaluationAgent.framework/Versions/A/TrustEvaluationAgent
0x000000011c922000 	/System/Library/Extensions/AppleIntelBDWGraphicsMTLDriver.bundle/Contents/MacOS/AppleIntelBDWGraphicsMTLDriver
0x00000000171c6000 	/System/Library/PrivateFrameworks/FamilyControls.framework/Versions/A/FamilyControls
0x00000000171c6000 	/System/Library/PrivateFrameworks/CommerceKit.framework/Versions/A/Frameworks/CommerceCore.framework/Versions/A/CommerceCore
0x00000000171c6000 	/System/Library/PrivateFrameworks/SystemAdministration.framework/Versions/A/SystemAdministration
0x00000000171c6000 	/System/Library/PrivateFrameworks/AppContainer.framework/Versions/A/AppContainer
0x00000000171c6000 	/System/Library/PrivateFrameworks/SecCodeWrapper.framework/Versions/A/SecCodeWrapper
0x00000000171c6000 	/System/Library/Frameworks/DirectoryService.framework/Versions/A/DirectoryService
0x00000000171c6000 	/System/Library/PrivateFrameworks/DiskImages.framework/Versions/A/DiskImages
0x00000000171c6000 	/System/Library/PrivateFrameworks/LoginUIKit.framework/Versions/A/Frameworks/LoginUICore.framework/Versions/A/LoginUICore
0x00000000171c6000 	/usr/lib/libCoreStorage.dylib
0x00000000171c6000 	/usr/lib/libcsfde.dylib
0x00000000171c6000 	/usr/lib/libodfde.dylib
0x00000000171c6000 	/System/Library/Frameworks/DiscRecording.framework/Versions/A/DiscRecording
0x00000000171c6000 	/usr/lib/libcurl.4.dylib
0x00000000171c6000 	/System/Library/PrivateFrameworks/MediaKit.framework/Versions/A/MediaKit
0x00000000171c6000 	/System/Library/PrivateFrameworks/ProtectedCloudStorage.framework/Versions/A/ProtectedCloudStorage
0x00000000171c6000 	/System/Library/PrivateFrameworks/EFILogin.framework/Versions/A/EFILogin
0x00000000171c6000 	/usr/lib/libutil.dylib
0x00000000171c6000 	/System/Library/Frameworks/LDAP.framework/Versions/A/LDAP
0x00000000171c6000 	/usr/lib/libsasl2.2.dylib
0x00000000171c6000 	/System/Library/PrivateFrameworks/CoreDaemon.framework/Versions/B/CoreDaemon
0x00000000171c6000 	/System/Library/PrivateFrameworks/AppleSRP.framework/Versions/A/AppleSRP
0x00000000171c6000 	/System/Library/PrivateFrameworks/APFS.framework/Versions/A/APFS
0x000000011e1c9000 	/private/var/folders/yn/nbtf0r_17tv4k68d7zh13g_w0000gn/T/AppTranslocation/4A48D223-7FD0-4D19-BFD2-8D3F6975207A/d/Greenfoot.app/Contents/JDK/Home/jre/lib/libfontmanager.dylib
0x000000011e292000 	/private/var/folders/yn/nbtf0r_17tv4k68d7zh13g_w0000gn/T/AppTranslocation/4A48D223-7FD0-4D19-BFD2-8D3F6975207A/d/Greenfoot.app/Contents/JDK/Home/jre/lib/libnet.dylib
0x000000011e300000 	/private/var/folders/yn/nbtf0r_17tv4k68d7zh13g_w0000gn/T/AppTranslocation/4A48D223-7FD0-4D19-BFD2-8D3F6975207A/d/Greenfoot.app/Contents/JDK/Home/jre/lib/libnio.dylib
0x000000011e310000 	/private/var/folders/yn/nbtf0r_17tv4k68d7zh13g_w0000gn/T/AppTranslocation/4A48D223-7FD0-4D19-BFD2-8D3F6975207A/d/Greenfoot.app/Contents/JDK/Home/jre/lib/libprism_es2.dylib
0x000000011f426000 	/private/var/folders/yn/nbtf0r_17tv4k68d7zh13g_w0000gn/T/AppTranslocation/4A48D223-7FD0-4D19-BFD2-8D3F6975207A/d/Greenfoot.app/Contents/JDK/Home/jre/lib/libglass.dylib
0x000000011e3f5000 	/private/var/folders/yn/nbtf0r_17tv4k68d7zh13g_w0000gn/T/AppTranslocation/4A48D223-7FD0-4D19-BFD2-8D3F6975207A/d/Greenfoot.app/Contents/JDK/Home/jre/lib/libosxui.dylib
0x000000015aa5d000 	/private/var/folders/yn/nbtf0r_17tv4k68d7zh13g_w0000gn/T/AppTranslocation/4A48D223-7FD0-4D19-BFD2-8D3F6975207A/d/Greenfoot.app/Contents/JDK/Home/jre/lib/libdcpr.dylib
0x00000000171c6000 	/System/Library/PrivateFrameworks/ViewBridge.framework/Versions/A/ViewBridge
0x00000000171c6000 	/System/Library/PrivateFrameworks/XPCService.framework/Versions/A/XPCService
0x00000000171c6000 	/System/Library/PrivateFrameworks/AppSandbox.framework/Versions/A/AppSandbox
0x00000000171c6000 	/usr/lib/libsandbox.1.dylib
0x00000000171c6000 	/usr/lib/libMatch.1.dylib
0x000000015af96000 	/private/var/folders/yn/nbtf0r_17tv4k68d7zh13g_w0000gn/T/AppTranslocation/4A48D223-7FD0-4D19-BFD2-8D3F6975207A/d/Greenfoot.app/Contents/JDK/Home/jre/lib/liblcms.dylib
0x000000015b6de000 	/private/var/folders/yn/nbtf0r_17tv4k68d7zh13g_w0000gn/T/AppTranslocation/4A48D223-7FD0-4D19-BFD2-8D3F6975207A/d/Greenfoot.app/Contents/JDK/Home/jre/lib/libjpeg.dylib
0x000000011bf41000 	/private/var/folders/yn/nbtf0r_17tv4k68d7zh13g_w0000gn/T/AppTranslocation/4A48D223-7FD0-4D19-BFD2-8D3F6975207A/d/Greenfoot.app/Contents/JDK/Home/jre/lib/libjavafx_font.dylib
0x00000001213c4000 	/private/var/folders/yn/nbtf0r_17tv4k68d7zh13g_w0000gn/T/AppTranslocation/4A48D223-7FD0-4D19-BFD2-8D3F6975207A/d/Greenfoot.app/Contents/JDK/Home/jre/lib/libprism_common.dylib

VM Arguments:
jvm_args: -Dawt.useSystemAAFontSettings=on -XX:MaxGCPauseMillis=50 -agentlib:jdwp=transport=dt_socket,address=127.0.0.1:58370 -Dfile.encoding=UTF-8 
java_command: bluej.runtime.ExecServer UTF-8
java_class_path (initial): /private/var/folders/yn/nbtf0r_17tv4k68d7zh13g_w0000gn/T/AppTranslocation/4A48D223-7FD0-4D19-BFD2-8D3F6975207A/d/Greenfoot.app/Contents/Resources/Java/extensions/greenfoot.jar:/private/var/folders/yn/nbtf0r_17tv4k68d7zh13g_w0000gn/T/AppTranslocation/4A48D223-7FD0-4D19-BFD2-8D3F6975207A/d/Greenfoot.app/Contents/Resources/Java/bluejcore.jar:/private/var/folders/yn/nbtf0r_17tv4k68d7zh13g_w0000gn/T/AppTranslocation/4A48D223-7FD0-4D19-BFD2-8D3F6975207A/d/Greenfoot.app/Contents/Resources/Java/bluejeditor.jar:/private/var/folders/yn/nbtf0r_17tv4k68d7zh13g_w0000gn/T/AppTranslocation/4A48D223-7FD0-4D19-BFD2-8D3F6975207A/d/Greenfoot.app/Contents/Resources/Java/bluejext.jar:/private/var/folders/yn/nbtf0r_17tv4k68d7zh13g_w0000gn/T/AppTranslocation/4A48D223-7FD0-4D19-BFD2-8D3F6975207A/d/Greenfoot.app/Contents/Resources/Java/AppleJavaExtensions.jar:/private/var/folders/yn/nbtf0r_17tv4k68d7zh13g_w0000gn/T/AppTranslocation/4A48D223-7FD0-4D19-BFD2-8D3F6975207A/d/Greenfoot.app/Contents/Resources/Java/junit-4.11.jar:/private/var/folders/yn/nbtf0r_17tv4k68d7zh13g_w0000gn/T/AppTranslocation/4A48D223-7FD0-4D19-BFD2-8D3F6975207A/d/Greenfoot.app/Contents/Resources/Java/hamcrest-core-1.3.jar:/private/var/folders/yn/nbtf0r_17tv4k68d7zh13g_w0000gn/T/AppTranslocation/4A48D223-7FD0-4D19-BFD2-8D3F6975207A/d/Greenfoot.app/Contents/Resources/Java/bluej.jar:/private/var/folders/yn/nbtf0r_17tv4k68d7zh13g_w0000gn/T/AppTranslocation/4A48D223-7FD0-4D19-BFD2-8D3F6975207A/d/Greenfoot.app/Contents/Resources/Java/diffutils-1.2.1.jar:/private/var/folders/yn/nbtf0r_17tv4k68d7zh13g_w0000gn/T/AppTranslocation/4A48D223-7FD0-4D19-BFD2-8D3F6975207A/d/Greenfoot.app/Contents/Resources/Java/commons-httpclient-3.1.jar:/private/var/folders/yn/nbtf0r_17tv4k68d7zh13g_w0000gn/T/AppTranslocation/4A48D223-7FD0-4D19-BFD2-8D3F6975207A/d/Greenfoot.app/Contents/Resources/Java/commons-logging-api-1.1.2.jar:/private/var/folders/yn/nbtf0r_17tv4k68d7zh13g_w0000gn/T/AppTranslocation/4A48D223-7FD0-4D19-B
Launcher Type: SUN_STANDARD

Environment Variables:
PATH=/usr/bin:/bin:/usr/sbin:/sbin
SHELL=/bin/bash

Signal Handlers:
SIGSEGV: [libjvm.dylib+0x5b03ed], sa_mask[0]=11111111011111110111111111111111, sa_flags=SA_ONSTACK|SA_RESTART|SA_SIGINFO
SIGBUS: [libjvm.dylib+0x5b03ed], sa_mask[0]=11111111011111110111111111111111, sa_flags=SA_RESTART|SA_SIGINFO
SIGFPE: [libjvm.dylib+0x48711c], sa_mask[0]=11111111011111110111111111111111, sa_flags=SA_RESTART|SA_SIGINFO
SIGPIPE: [libjvm.dylib+0x48711c], sa_mask[0]=11111111011111110111111111111111, sa_flags=SA_RESTART|SA_SIGINFO
SIGXFSZ: [libjvm.dylib+0x48711c], sa_mask[0]=11111111011111110111111111111111, sa_flags=SA_RESTART|SA_SIGINFO
SIGILL: [libjvm.dylib+0x48711c], sa_mask[0]=11111111011111110111111111111111, sa_flags=SA_RESTART|SA_SIGINFO
SIGUSR1: SIG_DFL, sa_mask[0]=00000000000000000000000000000000, sa_flags=none
SIGUSR2: [libjvm.dylib+0x486c3a], sa_mask[0]=00100000000000000000000000000000, sa_flags=SA_RESTART|SA_SIGINFO
SIGHUP: [libjvm.dylib+0x485211], sa_mask[0]=11111111011111110111111111111111, sa_flags=SA_RESTART|SA_SIGINFO
SIGINT: [libjvm.dylib+0x485211], sa_mask[0]=11111111011111110111111111111111, sa_flags=SA_RESTART|SA_SIGINFO
SIGTERM: [libjvm.dylib+0x485211], sa_mask[0]=11111111011111110111111111111111, sa_flags=SA_RESTART|SA_SIGINFO
SIGQUIT: [libjvm.dylib+0x485211], sa_mask[0]=11111111011111110111111111111111, sa_flags=SA_RESTART|SA_SIGINFO


---------------  S Y S T E M  ---------------

OS:Bsduname:Darwin 16.5.0 Darwin Kernel Version 16.5.0: Fri Mar  3 16:52:33 PST 2017; root:xnu-3789.51.2~3/RELEASE_X86_64 x86_64
rlimit: STACK 8192k, CORE 0k, NPROC 709, NOFILE 10240, AS infinity
load average:1.62 1.72 1.83

CPU:total 4 (2 cores per cpu, 2 threads per core) family 6 model 61 stepping 4, cmov, cx8, fxsr, mmx, sse, sse2, sse3, ssse3, sse4.1, sse4.2, popcnt, avx, avx2, aes, clmul, erms, 3dnowpref, lzcnt, ht, tsc, tscinvbit, bmi1, bmi2, adx

Memory: 4k page, physical 8388608k(24728k free)

/proc/meminfo:


vm_info: Java HotSpot(TM) 64-Bit Server VM (25.111-b14) for bsd-amd64 JRE (1.8.0_111-b14), built on Sep 22 2016 15:31:41 by "java_re" with gcc 4.2.1 (Based on Apple Inc. build 5658) (LLVM build 2336.11.00)

time: Wed Apr 26 15:29:27 2017
elapsed time: 11122 seconds (0d 3h 5m 22s)

